16-JUN-2020 15:37:09| TypeError: loginSession.find is not a function
    at userLogs (D:\GIT\ng9-node-express-sample-project\BE\controllers\user.controller.js:92:39)
    at Layer.handle [as handle_request] (D:\GIT\ng9-node-express-sample-project\BE\node_modules\express\lib\router\layer.js:95:5)
    at next (D:\GIT\ng9-node-express-sample-project\BE\node_modules\express\lib\router\route.js:137:13)
    at Route.dispatch (D:\GIT\ng9-node-express-sample-project\BE\node_modules\express\lib\router\route.js:112:3)
    at Layer.handle [as handle_request] (D:\GIT\ng9-node-express-sample-project\BE\node_modules\express\lib\router\layer.js:95:5)
    at D:\GIT\ng9-node-express-sample-project\BE\node_modules\express\lib\router\index.js:281:22
    at Function.process_params (D:\GIT\ng9-node-express-sample-project\BE\node_modules\express\lib\router\index.js:335:12)
    at next (D:\GIT\ng9-node-express-sample-project\BE\node_modules\express\lib\router\index.js:275:10)
    at Function.handle (D:\GIT\ng9-node-express-sample-project\BE\node_modules\express\lib\router\index.js:174:3)
    at router (D:\GIT\ng9-node-express-sample-project\BE\node_modules\express\lib\router\index.js:47:12)
16-JUN-2020 15:38:36| TypeError
16-JUN-2020 15:38:36| loginSession.find is not a function
16-JUN-2020 15:39:15| TypeError:loginSession.find is not a function
16-JUN-2020 15:39:31| TypeError: loginSession.find is not a function
16-JUN-2020 15:40:35| TypeError: loginSession.find is not a function
16-JUN-2020 15:43:36| TypeError: Cannot read property 'category' of undefined
16-JUN-2020 15:44:37| TypeError: Cannot read property 'category' of undefined
16-JUN-2020 15:44:37| TypeError: Cannot read property 'category' of undefined
16-JUN-2020 15:44:37| TypeError: Cannot read property 'category' of undefined
16-JUN-2020 15:44:37| TypeError: Cannot read property 'category' of undefined
16-JUN-2020 15:45:27| listUsers(): Cannot read property 'category' of undefined
16-JUN-2020 15:45:27| listUsers(): Cannot read property 'category' of undefined
16-JUN-2020 15:45:27| listUsers(): Cannot read property 'category' of undefined
16-JUN-2020 15:45:27| listUsers(): Cannot read property 'category' of undefined
16-JUN-2020 15:45:27| listUsers(): Cannot read property 'category' of undefined
16-JUN-2020 15:45:27| listUsers(): Cannot read property 'category' of undefined
16-JUN-2020 15:45:27| listUsers(): Cannot read property 'category' of undefined
16-JUN-2020 15:45:27| listUsers(): Cannot read property 'category' of undefined
16-JUN-2020 15:45:27| listUsers(): Cannot read property 'category' of undefined
16-JUN-2020 15:45:27| listUsers(): Cannot read property 'category' of undefined
16-JUN-2020 15:45:27| listUsers(): Cannot read property 'category' of undefined
16-JUN-2020 15:45:27| listUsers(): Cannot read property 'category' of undefined
16-JUN-2020 15:45:27| listUsers(): Cannot read property 'category' of undefined
16-JUN-2020 15:45:27| listUsers(): Cannot read property 'category' of undefined
16-JUN-2020 15:45:27| listUsers(): Cannot read property 'category' of undefined
16-JUN-2020 15:45:27| listUsers(): Cannot read property 'category' of undefined
16-JUN-2020 15:45:27| listUsers(): Cannot read property 'category' of undefined
16-JUN-2020 15:45:27| listUsers(): Cannot read property 'category' of undefined
16-JUN-2020 15:45:27| listUsers(): Cannot read property 'category' of undefined
16-JUN-2020 15:45:27| listUsers(): Cannot read property 'category' of undefined
16-JUN-2020 15:50:44| Invalid Token
16-JUN-2020 15:51:55| Invalid Token
16-JUN-2020 15:55:31| Invalid Token
16-JUN-2020 15:57:33| Token with Invald User ID! 5ee895e4bd5ccd2e403be85f
16-JUN-2020 15:57:45| Token with Invald User ID! 5ee895e4bd5ccd2e403be85f
16-JUN-2020 15:57:46| Token with Invald User ID! 5ee895e4bd5ccd2e403be85f
16-JUN-2020 15:57:49| User not found : test
16-JUN-2020 15:57:55| Token with Invald User ID! 5ee895e4bd5ccd2e403be85f
16-JUN-2020 15:58:08| Token with Invald User ID! 5ee63d70c13512360450f1a0
16-JUN-2020 15:58:27| Token with Invald User ID! 5ee63d70c13512360450f1a0
16-JUN-2020 15:58:27| Token with Invald User ID! 5ee63d70c13512360450f1a0
16-JUN-2020 15:59:01| Token with Invald User ID! 5ee63d70c13512360450f1a0
16-JUN-2020 16:00:35| Token with Invald User ID! 5ee63d70c13512360450f1a0
16-JUN-2020 16:00:35| Token with Invald User ID! 5ee63d70c13512360450f1a0
16-JUN-2020 16:00:42| Token with Invald User ID! 5ee63d70c13512360450f1a0
16-JUN-2020 16:02:44| Token with Invald User ID! 5ee63d70c13512360450f1a0
16-JUN-2020 16:03:50| Token with Invald User ID! 5ee63d70c13512360450f1a0
16-JUN-2020 16:04:57| Invalid Token
16-JUN-2020 16:05:09| Invalid Token eth
16-JUN-2020 16:05:47| Invalid Token
16-JUN-2020 16:06:59| Token with Invald User ID! 5ee8a0383720770d8cd25654
16-JUN-2020 16:07:39| Token with Invald User ID! 5ee8a0383720770d8cd25654
16-JUN-2020 16:07:41| Invalid Token
16-JUN-2020 16:07:48| Invalid Token
16-JUN-2020 16:07:51| Invalid Token
16-JUN-2020 16:08:15| No authorization provided or Invalid Token
16-JUN-2020 16:09:00| No authorization provided or Invalid Token
16-JUN-2020 16:09:04| User not found : test
16-JUN-2020 16:09:18| No authorization provided or Invalid Token
16-JUN-2020 16:09:24| No authorization provided or Invalid Token
16-JUN-2020 16:09:31| No authorization provided or Invalid Token
16-JUN-2020 16:09:42| No authorization provided or Invalid Token
16-JUN-2020 16:09:42| No authorization provided or Invalid Token
16-JUN-2020 16:09:59| No authorization provided or Invalid Token
16-JUN-2020 16:10:11| No authorization provided or Invalid Token
16-JUN-2020 16:11:07| No authorization provided or Invalid Token
16-JUN-2020 17:48:54| Error while uploading 5ee63d70c13512360450f1a0
16-JUN-2020 19:54:54| No authorization provided or Invalid Token
16-JUN-2020 19:55:15| No authorization provided or Invalid Token
16-JUN-2020 19:57:13| No authorization provided or Invalid Token
16-JUN-2020 20:37:06| No authorization provided or Invalid Token
16-JUN-2020 20:37:10| No authorization provided or Invalid Token
16-JUN-2020 20:37:20| No authorization provided or Invalid Token
16-JUN-2020 20:41:07| Multer Parse Error 5ee63d70c13512360450f1a0
16-JUN-2020 20:41:58| Multer Parse Error 5ee63d70c13512360450f1a0
16-JUN-2020 21:38:30| No authorization provided or Invalid Token
16-JUN-2020 21:38:40| No authorization provided or Invalid Token
16-JUN-2020 21:40:30| No authorization provided or Invalid Token
